<?xml version="1.0" encoding="UTF-8"?>
<!-- Generated by org.testng.reporters.JUnitReportReporter -->
<testsuite skipped="0" hostname="NEWT526" name="Driver.OrderFlow_Mobile" tests="1" failures="0" timestamp="04 Dec 2017 13:37:10 GMT" time="138.973" errors="0">
  <testcase name="PlaceOrder_mob" time="138.973" classname="Driver.OrderFlow_Mobile"/>
</testsuite> <!-- Driver.OrderFlow_Mobile -->
