<?xml version="1.0" encoding="UTF-8"?>
<!-- Generated by org.testng.reporters.JUnitReportReporter -->
<testsuite hostname="NEWT526" name="Driver.OrderFlow_Mobile" tests="3" failures="0" timestamp="5 Dec 2017 13:03:47 GMT" time="354.874" errors="0">
  <testcase name="Addtocart_mob" time="121.700" classname="Driver.OrderFlow_Mobile"/>
  <testcase name="Checkoutcart_mob" time="112.171" classname="Driver.OrderFlow_Mobile"/>
  <testcase name="PlaceOrder_mob" time="121.003" classname="Driver.OrderFlow_Mobile"/>
</testsuite> <!-- Driver.OrderFlow_Mobile -->
