<?xml version="1.0" encoding="UTF-8"?>
<!-- Generated by org.testng.reporters.JUnitReportReporter -->
<testsuite hostname="NEWT526" name="Ecomm.OrderFlow_Mobile" tests="3" failures="0" timestamp="5 Dec 2017 14:34:05 GMT" time="350.231" errors="0">
  <testcase name="Checkoutcart_mob" time="110.903" classname="Ecomm.OrderFlow_Mobile"/>
  <testcase name="PlaceOrder_mob" time="121.753" classname="Ecomm.OrderFlow_Mobile"/>
  <testcase name="Addtocart_mob" time="117.575" classname="Ecomm.OrderFlow_Mobile"/>
</testsuite> <!-- Ecomm.OrderFlow_Mobile -->
