<?xml version="1.0" encoding="UTF-8"?>
<!-- Generated by org.testng.reporters.JUnitReportReporter -->
<testsuite hostname="NEWT526" name="Driver.OrderFlow_Mobile" tests="3" failures="0" timestamp="5 Dec 2017 14:18:24 GMT" time="359.487" errors="0">
  <testcase name="Checkoutcart_mob" time="119.930" classname="Driver.OrderFlow_Mobile"/>
  <testcase name="PlaceOrder_mob" time="135.142" classname="Driver.OrderFlow_Mobile"/>
  <testcase name="Addtocart_mob" time="104.415" classname="Driver.OrderFlow_Mobile"/>
</testsuite> <!-- Driver.OrderFlow_Mobile -->
